<?xml version="1.0" encoding="UTF-8"?>
<testsuite xmlns:xsi="http://www.w3.org/2001/XMLSchema-instance" xsi:noNamespaceSchemaLocation="https://maven.apache.org/surefire/maven-surefire-plugin/xsd/surefire-test-report.xsd" name="com.helloworld.DockerHelloworldApplicationTests" time="2.429" tests="1" errors="0" skipped="0" failures="0">
  <properties>
    <property name="gopherProxySet" value="false"/>
    <property name="awt.toolkit" value="sun.lwawt.macosx.LWCToolkit"/>
    <property name="file.encoding.pkg" value="sun.io"/>
    <property name="java.specification.version" value="1.8"/>
    <property name="sun.cpu.isalist" value=""/>
    <property name="sun.jnu.encoding" value="UTF-8"/>
    <property name="java.class.path" value="/Users/lbs/Desktop/personal_doc/docker-helloworld/target/test-classes:/Users/lbs/Desktop/personal_doc/docker-helloworld/target/classes:/Users/lbs/Applications/MvnRepository/org/springframework/boot/spring-boot-starter-web/2.7.2/spring-boot-starter-web-2.7.2.jar:/Users/lbs/Applications/MvnRepository/org/springframework/boot/spring-boot-starter/2.7.2/spring-boot-starter-2.7.2.jar:/Users/lbs/Applications/MvnRepository/org/springframework/boot/spring-boot/2.7.2/spring-boot-2.7.2.jar:/Users/lbs/Applications/MvnRepository/org/springframework/boot/spring-boot-autoconfigure/2.7.2/spring-boot-autoconfigure-2.7.2.jar:/Users/lbs/Applications/MvnRepository/org/springframework/boot/spring-boot-starter-logging/2.7.2/spring-boot-starter-logging-2.7.2.jar:/Users/lbs/Applications/MvnRepository/ch/qos/logback/logback-classic/1.2.11/logback-classic-1.2.11.jar:/Users/lbs/Applications/MvnRepository/ch/qos/logback/logback-core/1.2.11/logback-core-1.2.11.jar:/Users/lbs/Applications/MvnRepository/org/apache/logging/log4j/log4j-to-slf4j/2.17.2/log4j-to-slf4j-2.17.2.jar:/Users/lbs/Applications/MvnRepository/org/apache/logging/log4j/log4j-api/2.17.2/log4j-api-2.17.2.jar:/Users/lbs/Applications/MvnRepository/org/slf4j/jul-to-slf4j/1.7.36/jul-to-slf4j-1.7.36.jar:/Users/lbs/Applications/MvnRepository/jakarta/annotation/jakarta.annotation-api/1.3.5/jakarta.annotation-api-1.3.5.jar:/Users/lbs/Applications/MvnRepository/org/yaml/snakeyaml/1.30/snakeyaml-1.30.jar:/Users/lbs/Applications/MvnRepository/org/springframework/boot/spring-boot-starter-json/2.7.2/spring-boot-starter-json-2.7.2.jar:/Users/lbs/Applications/MvnRepository/com/fasterxml/jackson/core/jackson-databind/2.13.3/jackson-databind-2.13.3.jar:/Users/lbs/Applications/MvnRepository/com/fasterxml/jackson/core/jackson-annotations/2.13.3/jackson-annotations-2.13.3.jar:/Users/lbs/Applications/MvnRepository/com/fasterxml/jackson/core/jackson-core/2.13.3/jackson-core-2.13.3.jar:/Users/lbs/Applications/MvnRepository/com/fasterxml/jackson/datatype/jackson-datatype-jdk8/2.13.3/jackson-datatype-jdk8-2.13.3.jar:/Users/lbs/Applications/MvnRepository/com/fasterxml/jackson/datatype/jackson-datatype-jsr310/2.13.3/jackson-datatype-jsr310-2.13.3.jar:/Users/lbs/Applications/MvnRepository/com/fasterxml/jackson/module/jackson-module-parameter-names/2.13.3/jackson-module-parameter-names-2.13.3.jar:/Users/lbs/Applications/MvnRepository/org/springframework/boot/spring-boot-starter-tomcat/2.7.2/spring-boot-starter-tomcat-2.7.2.jar:/Users/lbs/Applications/MvnRepository/org/apache/tomcat/embed/tomcat-embed-core/9.0.65/tomcat-embed-core-9.0.65.jar:/Users/lbs/Applications/MvnRepository/org/apache/tomcat/embed/tomcat-embed-el/9.0.65/tomcat-embed-el-9.0.65.jar:/Users/lbs/Applications/MvnRepository/org/apache/tomcat/embed/tomcat-embed-websocket/9.0.65/tomcat-embed-websocket-9.0.65.jar:/Users/lbs/Applications/MvnRepository/org/springframework/spring-web/5.3.22/spring-web-5.3.22.jar:/Users/lbs/Applications/MvnRepository/org/springframework/spring-beans/5.3.22/spring-beans-5.3.22.jar:/Users/lbs/Applications/MvnRepository/org/springframework/spring-webmvc/5.3.22/spring-webmvc-5.3.22.jar:/Users/lbs/Applications/MvnRepository/org/springframework/spring-aop/5.3.22/spring-aop-5.3.22.jar:/Users/lbs/Applications/MvnRepository/org/springframework/spring-context/5.3.22/spring-context-5.3.22.jar:/Users/lbs/Applications/MvnRepository/org/springframework/spring-expression/5.3.22/spring-expression-5.3.22.jar:/Users/lbs/Applications/MvnRepository/org/springframework/boot/spring-boot-starter-test/2.7.2/spring-boot-starter-test-2.7.2.jar:/Users/lbs/Applications/MvnRepository/org/springframework/boot/spring-boot-test/2.7.2/spring-boot-test-2.7.2.jar:/Users/lbs/Applications/MvnRepository/org/springframework/boot/spring-boot-test-autoconfigure/2.7.2/spring-boot-test-autoconfigure-2.7.2.jar:/Users/lbs/Applications/MvnRepository/com/jayway/jsonpath/json-path/2.7.0/json-path-2.7.0.jar:/Users/lbs/Applications/MvnRepository/net/minidev/json-smart/2.4.8/json-smart-2.4.8.jar:/Users/lbs/Applications/MvnRepository/net/minidev/accessors-smart/2.4.8/accessors-smart-2.4.8.jar:/Users/lbs/Applications/MvnRepository/org/ow2/asm/asm/9.1/asm-9.1.jar:/Users/lbs/Applications/MvnRepository/org/slf4j/slf4j-api/1.7.36/slf4j-api-1.7.36.jar:/Users/lbs/Applications/MvnRepository/jakarta/xml/bind/jakarta.xml.bind-api/2.3.3/jakarta.xml.bind-api-2.3.3.jar:/Users/lbs/Applications/MvnRepository/jakarta/activation/jakarta.activation-api/1.2.2/jakarta.activation-api-1.2.2.jar:/Users/lbs/Applications/MvnRepository/org/assertj/assertj-core/3.22.0/assertj-core-3.22.0.jar:/Users/lbs/Applications/MvnRepository/org/hamcrest/hamcrest/2.2/hamcrest-2.2.jar:/Users/lbs/Applications/MvnRepository/org/junit/jupiter/junit-jupiter/5.8.2/junit-jupiter-5.8.2.jar:/Users/lbs/Applications/MvnRepository/org/junit/jupiter/junit-jupiter-api/5.8.2/junit-jupiter-api-5.8.2.jar:/Users/lbs/Applications/MvnRepository/org/opentest4j/opentest4j/1.2.0/opentest4j-1.2.0.jar:/Users/lbs/Applications/MvnRepository/org/junit/platform/junit-platform-commons/1.8.2/junit-platform-commons-1.8.2.jar:/Users/lbs/Applications/MvnRepository/org/apiguardian/apiguardian-api/1.1.2/apiguardian-api-1.1.2.jar:/Users/lbs/Applications/MvnRepository/org/junit/jupiter/junit-jupiter-params/5.8.2/junit-jupiter-params-5.8.2.jar:/Users/lbs/Applications/MvnRepository/org/junit/jupiter/junit-jupiter-engine/5.8.2/junit-jupiter-engine-5.8.2.jar:/Users/lbs/Applications/MvnRepository/org/junit/platform/junit-platform-engine/1.8.2/junit-platform-engine-1.8.2.jar:/Users/lbs/Applications/MvnRepository/org/mockito/mockito-core/4.5.1/mockito-core-4.5.1.jar:/Users/lbs/Applications/MvnRepository/net/bytebuddy/byte-buddy/1.12.12/byte-buddy-1.12.12.jar:/Users/lbs/Applications/MvnRepository/net/bytebuddy/byte-buddy-agent/1.12.12/byte-buddy-agent-1.12.12.jar:/Users/lbs/Applications/MvnRepository/org/objenesis/objenesis/3.2/objenesis-3.2.jar:/Users/lbs/Applications/MvnRepository/org/mockito/mockito-junit-jupiter/4.5.1/mockito-junit-jupiter-4.5.1.jar:/Users/lbs/Applications/MvnRepository/org/skyscreamer/jsonassert/1.5.1/jsonassert-1.5.1.jar:/Users/lbs/Applications/MvnRepository/com/vaadin/external/google/android-json/0.0.20131108.vaadin1/android-json-0.0.20131108.vaadin1.jar:/Users/lbs/Applications/MvnRepository/org/springframework/spring-core/5.3.22/spring-core-5.3.22.jar:/Users/lbs/Applications/MvnRepository/org/springframework/spring-jcl/5.3.22/spring-jcl-5.3.22.jar:/Users/lbs/Applications/MvnRepository/org/springframework/spring-test/5.3.22/spring-test-5.3.22.jar:/Users/lbs/Applications/MvnRepository/org/xmlunit/xmlunit-core/2.9.0/xmlunit-core-2.9.0.jar:"/>
    <property name="java.vm.vendor" value="Tencent"/>
    <property name="sun.arch.data.model" value="64"/>
    <property name="java.vendor.url" value="http://jdk.oa.com/"/>
    <property name="user.timezone" value=""/>
    <property name="java.vm.specification.version" value="1.8"/>
    <property name="os.name" value="Mac OS X"/>
    <property name="user.country" value="CN"/>
    <property name="sun.java.launcher" value="SUN_STANDARD"/>
    <property name="sun.boot.library.path" value="/Users/lbs/Applications/jdk1.8.0_332.jdk/Contents/Home/jre/lib"/>
    <property name="sun.java.command" value="/Users/lbs/Desktop/personal_doc/docker-helloworld/target/surefire/surefirebooter1298643368918421213.jar /Users/lbs/Desktop/personal_doc/docker-helloworld/target/surefire 2022-08-03T14-02-34_801-jvmRun1 surefire3772789615050834611tmp surefire_03065572366778153694tmp"/>
    <property name="http.nonProxyHosts" value="local|*.local|169.254/16|*.169.254/16"/>
    <property name="surefire.test.class.path" value="/Users/lbs/Desktop/personal_doc/docker-helloworld/target/test-classes:/Users/lbs/Desktop/personal_doc/docker-helloworld/target/classes:/Users/lbs/Applications/MvnRepository/org/springframework/boot/spring-boot-starter-web/2.7.2/spring-boot-starter-web-2.7.2.jar:/Users/lbs/Applications/MvnRepository/org/springframework/boot/spring-boot-starter/2.7.2/spring-boot-starter-2.7.2.jar:/Users/lbs/Applications/MvnRepository/org/springframework/boot/spring-boot/2.7.2/spring-boot-2.7.2.jar:/Users/lbs/Applications/MvnRepository/org/springframework/boot/spring-boot-autoconfigure/2.7.2/spring-boot-autoconfigure-2.7.2.jar:/Users/lbs/Applications/MvnRepository/org/springframework/boot/spring-boot-starter-logging/2.7.2/spring-boot-starter-logging-2.7.2.jar:/Users/lbs/Applications/MvnRepository/ch/qos/logback/logback-classic/1.2.11/logback-classic-1.2.11.jar:/Users/lbs/Applications/MvnRepository/ch/qos/logback/logback-core/1.2.11/logback-core-1.2.11.jar:/Users/lbs/Applications/MvnRepository/org/apache/logging/log4j/log4j-to-slf4j/2.17.2/log4j-to-slf4j-2.17.2.jar:/Users/lbs/Applications/MvnRepository/org/apache/logging/log4j/log4j-api/2.17.2/log4j-api-2.17.2.jar:/Users/lbs/Applications/MvnRepository/org/slf4j/jul-to-slf4j/1.7.36/jul-to-slf4j-1.7.36.jar:/Users/lbs/Applications/MvnRepository/jakarta/annotation/jakarta.annotation-api/1.3.5/jakarta.annotation-api-1.3.5.jar:/Users/lbs/Applications/MvnRepository/org/yaml/snakeyaml/1.30/snakeyaml-1.30.jar:/Users/lbs/Applications/MvnRepository/org/springframework/boot/spring-boot-starter-json/2.7.2/spring-boot-starter-json-2.7.2.jar:/Users/lbs/Applications/MvnRepository/com/fasterxml/jackson/core/jackson-databind/2.13.3/jackson-databind-2.13.3.jar:/Users/lbs/Applications/MvnRepository/com/fasterxml/jackson/core/jackson-annotations/2.13.3/jackson-annotations-2.13.3.jar:/Users/lbs/Applications/MvnRepository/com/fasterxml/jackson/core/jackson-core/2.13.3/jackson-core-2.13.3.jar:/Users/lbs/Applications/MvnRepository/com/fasterxml/jackson/datatype/jackson-datatype-jdk8/2.13.3/jackson-datatype-jdk8-2.13.3.jar:/Users/lbs/Applications/MvnRepository/com/fasterxml/jackson/datatype/jackson-datatype-jsr310/2.13.3/jackson-datatype-jsr310-2.13.3.jar:/Users/lbs/Applications/MvnRepository/com/fasterxml/jackson/module/jackson-module-parameter-names/2.13.3/jackson-module-parameter-names-2.13.3.jar:/Users/lbs/Applications/MvnRepository/org/springframework/boot/spring-boot-starter-tomcat/2.7.2/spring-boot-starter-tomcat-2.7.2.jar:/Users/lbs/Applications/MvnRepository/org/apache/tomcat/embed/tomcat-embed-core/9.0.65/tomcat-embed-core-9.0.65.jar:/Users/lbs/Applications/MvnRepository/org/apache/tomcat/embed/tomcat-embed-el/9.0.65/tomcat-embed-el-9.0.65.jar:/Users/lbs/Applications/MvnRepository/org/apache/tomcat/embed/tomcat-embed-websocket/9.0.65/tomcat-embed-websocket-9.0.65.jar:/Users/lbs/Applications/MvnRepository/org/springframework/spring-web/5.3.22/spring-web-5.3.22.jar:/Users/lbs/Applications/MvnRepository/org/springframework/spring-beans/5.3.22/spring-beans-5.3.22.jar:/Users/lbs/Applications/MvnRepository/org/springframework/spring-webmvc/5.3.22/spring-webmvc-5.3.22.jar:/Users/lbs/Applications/MvnRepository/org/springframework/spring-aop/5.3.22/spring-aop-5.3.22.jar:/Users/lbs/Applications/MvnRepository/org/springframework/spring-context/5.3.22/spring-context-5.3.22.jar:/Users/lbs/Applications/MvnRepository/org/springframework/spring-expression/5.3.22/spring-expression-5.3.22.jar:/Users/lbs/Applications/MvnRepository/org/springframework/boot/spring-boot-starter-test/2.7.2/spring-boot-starter-test-2.7.2.jar:/Users/lbs/Applications/MvnRepository/org/springframework/boot/spring-boot-test/2.7.2/spring-boot-test-2.7.2.jar:/Users/lbs/Applications/MvnRepository/org/springframework/boot/spring-boot-test-autoconfigure/2.7.2/spring-boot-test-autoconfigure-2.7.2.jar:/Users/lbs/Applications/MvnRepository/com/jayway/jsonpath/json-path/2.7.0/json-path-2.7.0.jar:/Users/lbs/Applications/MvnRepository/net/minidev/json-smart/2.4.8/json-smart-2.4.8.jar:/Users/lbs/Applications/MvnRepository/net/minidev/accessors-smart/2.4.8/accessors-smart-2.4.8.jar:/Users/lbs/Applications/MvnRepository/org/ow2/asm/asm/9.1/asm-9.1.jar:/Users/lbs/Applications/MvnRepository/org/slf4j/slf4j-api/1.7.36/slf4j-api-1.7.36.jar:/Users/lbs/Applications/MvnRepository/jakarta/xml/bind/jakarta.xml.bind-api/2.3.3/jakarta.xml.bind-api-2.3.3.jar:/Users/lbs/Applications/MvnRepository/jakarta/activation/jakarta.activation-api/1.2.2/jakarta.activation-api-1.2.2.jar:/Users/lbs/Applications/MvnRepository/org/assertj/assertj-core/3.22.0/assertj-core-3.22.0.jar:/Users/lbs/Applications/MvnRepository/org/hamcrest/hamcrest/2.2/hamcrest-2.2.jar:/Users/lbs/Applications/MvnRepository/org/junit/jupiter/junit-jupiter/5.8.2/junit-jupiter-5.8.2.jar:/Users/lbs/Applications/MvnRepository/org/junit/jupiter/junit-jupiter-api/5.8.2/junit-jupiter-api-5.8.2.jar:/Users/lbs/Applications/MvnRepository/org/opentest4j/opentest4j/1.2.0/opentest4j-1.2.0.jar:/Users/lbs/Applications/MvnRepository/org/junit/platform/junit-platform-commons/1.8.2/junit-platform-commons-1.8.2.jar:/Users/lbs/Applications/MvnRepository/org/apiguardian/apiguardian-api/1.1.2/apiguardian-api-1.1.2.jar:/Users/lbs/Applications/MvnRepository/org/junit/jupiter/junit-jupiter-params/5.8.2/junit-jupiter-params-5.8.2.jar:/Users/lbs/Applications/MvnRepository/org/junit/jupiter/junit-jupiter-engine/5.8.2/junit-jupiter-engine-5.8.2.jar:/Users/lbs/Applications/MvnRepository/org/junit/platform/junit-platform-engine/1.8.2/junit-platform-engine-1.8.2.jar:/Users/lbs/Applications/MvnRepository/org/mockito/mockito-core/4.5.1/mockito-core-4.5.1.jar:/Users/lbs/Applications/MvnRepository/net/bytebuddy/byte-buddy/1.12.12/byte-buddy-1.12.12.jar:/Users/lbs/Applications/MvnRepository/net/bytebuddy/byte-buddy-agent/1.12.12/byte-buddy-agent-1.12.12.jar:/Users/lbs/Applications/MvnRepository/org/objenesis/objenesis/3.2/objenesis-3.2.jar:/Users/lbs/Applications/MvnRepository/org/mockito/mockito-junit-jupiter/4.5.1/mockito-junit-jupiter-4.5.1.jar:/Users/lbs/Applications/MvnRepository/org/skyscreamer/jsonassert/1.5.1/jsonassert-1.5.1.jar:/Users/lbs/Applications/MvnRepository/com/vaadin/external/google/android-json/0.0.20131108.vaadin1/android-json-0.0.20131108.vaadin1.jar:/Users/lbs/Applications/MvnRepository/org/springframework/spring-core/5.3.22/spring-core-5.3.22.jar:/Users/lbs/Applications/MvnRepository/org/springframework/spring-jcl/5.3.22/spring-jcl-5.3.22.jar:/Users/lbs/Applications/MvnRepository/org/springframework/spring-test/5.3.22/spring-test-5.3.22.jar:/Users/lbs/Applications/MvnRepository/org/xmlunit/xmlunit-core/2.9.0/xmlunit-core-2.9.0.jar:"/>
    <property name="sun.cpu.endian" value="little"/>
    <property name="user.home" value="/Users/lbs"/>
    <property name="user.language" value="zh"/>
    <property name="java.specification.vendor" value="Oracle Corporation"/>
    <property name="java.home" value="/Users/lbs/Applications/jdk1.8.0_332.jdk/Contents/Home/jre"/>
    <property name="basedir" value="/Users/lbs/Desktop/personal_doc/docker-helloworld"/>
    <property name="file.separator" value="/"/>
    <property name="line.separator" value="&#10;"/>
    <property name="java.vm.specification.vendor" value="Oracle Corporation"/>
    <property name="java.specification.name" value="Java Platform API Specification"/>
    <property name="java.awt.graphicsenv" value="sun.awt.CGraphicsEnvironment"/>
    <property name="surefire.real.class.path" value="/Users/lbs/Desktop/personal_doc/docker-helloworld/target/surefire/surefirebooter1298643368918421213.jar"/>
    <property name="sun.boot.class.path" value="/Users/lbs/Applications/jdk1.8.0_332.jdk/Contents/Home/jre/lib/resources.jar:/Users/lbs/Applications/jdk1.8.0_332.jdk/Contents/Home/jre/lib/rt.jar:/Users/lbs/Applications/jdk1.8.0_332.jdk/Contents/Home/jre/lib/sunrsasign.jar:/Users/lbs/Applications/jdk1.8.0_332.jdk/Contents/Home/jre/lib/jsse.jar:/Users/lbs/Applications/jdk1.8.0_332.jdk/Contents/Home/jre/lib/jce.jar:/Users/lbs/Applications/jdk1.8.0_332.jdk/Contents/Home/jre/lib/charsets.jar:/Users/lbs/Applications/jdk1.8.0_332.jdk/Contents/Home/jre/lib/jfr.jar:/Users/lbs/Applications/jdk1.8.0_332.jdk/Contents/Home/jre/classes"/>
    <property name="sun.management.compiler" value="HotSpot 64-Bit Tiered Compilers"/>
    <property name="ftp.nonProxyHosts" value="local|*.local|169.254/16|*.169.254/16"/>
    <property name="java.runtime.version" value="1.8.0_332-1"/>
    <property name="user.name" value="lbs"/>
    <property name="path.separator" value=":"/>
    <property name="os.version" value="10.16"/>
    <property name="java.endorsed.dirs" value="/Users/lbs/Applications/jdk1.8.0_332.jdk/Contents/Home/jre/lib/endorsed"/>
    <property name="java.runtime.name" value="OpenJDK Runtime Environment"/>
    <property name="file.encoding" value="UTF-8"/>
    <property name="java.vm.name" value="OpenJDK 64-Bit Server VM"/>
    <property name="localRepository" value="/Users/lbs/Applications/MvnRepository"/>
    <property name="java.vendor.url.bug" value="https://git.code.oa.com/JDK/tencentJDK/issues"/>
    <property name="java.io.tmpdir" value="/var/folders/8g/1gwb19fx1b9f6_7___gkzr800000gn/T/"/>
    <property name="idea.version" value="2022.2"/>
    <property name="java.version" value="1.8.0_332"/>
    <property name="user.dir" value="/Users/lbs/Desktop/personal_doc/docker-helloworld"/>
    <property name="os.arch" value="x86_64"/>
    <property name="java.vm.specification.name" value="Java Virtual Machine Specification"/>
    <property name="java.awt.printerjob" value="sun.lwawt.macosx.CPrinterJob"/>
    <property name="sun.os.patch.level" value="unknown"/>
    <property name="java.library.path" value="/Users/lbs/Library/Java/Extensions:/Library/Java/Extensions:/Network/Library/Java/Extensions:/System/Library/Java/Extensions:/usr/lib/java:."/>
    <property name="java.vm.info" value="mixed mode"/>
    <property name="java.vendor" value="Tencent"/>
    <property name="java.vm.version" value="25.332-b1"/>
    <property name="java.ext.dirs" value="/Users/lbs/Library/Java/Extensions:/Users/lbs/Applications/jdk1.8.0_332.jdk/Contents/Home/jre/lib/ext:/Library/Java/Extensions:/Network/Library/Java/Extensions:/System/Library/Java/Extensions:/usr/lib/java"/>
    <property name="sun.io.unicode.encoding" value="UnicodeBig"/>
    <property name="java.class.version" value="52.0"/>
    <property name="socksNonProxyHosts" value="local|*.local|169.254/16|*.169.254/16"/>
  </properties>
  <testcase name="contextLoads" classname="com.helloworld.DockerHelloworldApplicationTests" time="0.293"/>
</testsuite>